Arguments: 
  /Users/random/.nvm/versions/node/v9.2.0/bin/node /usr/local/Cellar/yarn/1.5.1/libexec/bin/yarn.js install

PATH: 
  /Library/Frameworks/Python.framework/Versions/3.6/bin:/Users/random/.nvm/versions/node/v9.2.0/bin:/Library/Frameworks/Python.framework/Versions/3.5/bin:/usr/local/bin:/usr/bin:/bin:/usr/sbin:/sbin:/opt/yarn-1.3.2/bin:/Users/random/Library/Android/sdk/tools:/Users/random/Library/Android/sdk/platform-tools

Yarn version: 
  1.5.1

Node version: 
  9.2.0

Platform: 
  darwin x64

npm manifest: 
  {
    "name": "uniwars",
    "version": "0.0.0",
    "private": true,
    "scripts": {
      "start": "DEBUG=uniwars:* node ./bin/www",
      "dev": "DEBUG=uniwars:* nodemon ./bin/www"
    },
    "dependencies": {
      "bcrypt": "^1.0.3",
      "body-parser": "~1.18.2",
      "cookie-parser": "~1.4.3",
      "debug": "~2.6.9",
      "express": "~4.15.5",
      "jade": "~1.11.0",
      "mongodb": "^3.0.0-rc0",
      "monk": "^6.0.5",
      "morgan": "~1.9.0",
      "serve-favicon": "~2.4.5",
      "sharp": "^0.18.4",
      "trivia": "^1.0.0",
      "awesome-phonenumber": "^2.2.5",
    },
    "devDependencies": {
      "nodemon": "^1.14.2"
    }
  }

yarn manifest: 
  No manifest

Lockfile: 
  No lockfile

Trace: 
  SyntaxError: /Users/random/Code/uniwars/uniwars-back-end/package.json: Unexpected token } in JSON at position 548
      at JSON.parse (<anonymous>)
      at /usr/local/Cellar/yarn/1.5.1/libexec/lib/cli.js:1036:59
      at Generator.next (<anonymous>)
      at step (/usr/local/Cellar/yarn/1.5.1/libexec/lib/cli.js:98:30)
      at /usr/local/Cellar/yarn/1.5.1/libexec/lib/cli.js:109:13
      at <anonymous>
